  Client.cpp
Client.obj : error LNK2019: unresolved external symbol "__declspec(dllimport) public: __cdecl sf::String::String(char const *,class std::locale const &)" (__imp_??0String@sf@@QEAA@PEBDAEBVlocale@std@@@Z) referenced in function main
Client.obj : error LNK2019: unresolved external symbol "__declspec(dllimport) public: __cdecl sf::String::~String(void)" (__imp_??1String@sf@@QEAA@XZ) referenced in function main
Client.obj : error LNK2019: unresolved external symbol "__declspec(dllimport) public: static bool __cdecl sf::Keyboard::isKeyPressed(enum sf::Keyboard::Key)" (__imp_?isKeyPressed@Keyboard@sf@@SA_NW4Key@12@@Z) referenced in function main
Client.obj : error LNK2019: unresolved external symbol "__declspec(dllimport) public: __cdecl sf::VideoMode::VideoMode(unsigned int,unsigned int,unsigned int)" (__imp_??0VideoMode@sf@@QEAA@III@Z) referenced in function main
Client.obj : error LNK2019: unresolved external symbol "__declspec(dllimport) public: bool __cdecl sf::WindowBase::pollEvent(class sf::Event &)" (__imp_?pollEvent@WindowBase@sf@@QEAA_NAEAVEvent@2@@Z) referenced in function main
Client.obj : error LNK2019: unresolved external symbol "__declspec(dllimport) public: bool __cdecl sf::WindowBase::hasFocus(void)const " (__imp_?hasFocus@WindowBase@sf@@QEBA_NXZ) referenced in function main
Client.obj : error LNK2019: unresolved external symbol "__declspec(dllimport) public: virtual void __cdecl sf::Window::close(void)" (__imp_?close@Window@sf@@UEAAXXZ) referenced in function main
Client.obj : error LNK2019: unresolved external symbol "__declspec(dllimport) public: void __cdecl sf::Window::display(void)" (__imp_?display@Window@sf@@QEAAXXZ) referenced in function main
Client.obj : error LNK2019: unresolved external symbol "__declspec(dllimport) public: void __cdecl sf::Transformable::setPosition(class sf::Vector2<float> const &)" (__imp_?setPosition@Transformable@sf@@QEAAXAEBV?$Vector2@M@2@@Z) referenced in function "void __cdecl drawPlayers(class sf::RenderWindow &,struct GameState const &,int)" (?drawPlayers@@YAXAEAVRenderWindow@sf@@AEBUGameState@@H@Z)
Client.obj : error LNK2019: unresolved external symbol "__declspec(dllimport) public: void __cdecl sf::Shape::setFillColor(class sf::Color const &)" (__imp_?setFillColor@Shape@sf@@QEAAXAEBVColor@2@@Z) referenced in function "void __cdecl drawPlayers(class sf::RenderWindow &,struct GameState const &,int)" (?drawPlayers@@YAXAEAVRenderWindow@sf@@AEBUGameState@@H@Z)
Client.obj : error LNK2019: unresolved external symbol "__declspec(dllimport) public: __cdecl sf::RectangleShape::RectangleShape(class sf::Vector2<float> const &)" (__imp_??0RectangleShape@sf@@QEAA@AEBV?$Vector2@M@1@@Z) referenced in function "void __cdecl drawPlayers(class sf::RenderWindow &,struct GameState const &,int)" (?drawPlayers@@YAXAEAVRenderWindow@sf@@AEBUGameState@@H@Z)
Client.obj : error LNK2019: unresolved external symbol "__declspec(dllimport) public: virtual __cdecl sf::RectangleShape::~RectangleShape(void)" (__imp_??1RectangleShape@sf@@UEAA@XZ) referenced in function "void __cdecl drawPlayers(class sf::RenderWindow &,struct GameState const &,int)" (?drawPlayers@@YAXAEAVRenderWindow@sf@@AEBUGameState@@H@Z)
Client.obj : error LNK2019: unresolved external symbol "__declspec(dllimport) public: void __cdecl sf::RenderTarget::clear(class sf::Color const &)" (__imp_?clear@RenderTarget@sf@@QEAAXAEBVColor@2@@Z) referenced in function main
Client.obj : error LNK2019: unresolved external symbol "__declspec(dllimport) public: void __cdecl sf::RenderTarget::draw(class sf::Drawable const &,class sf::RenderStates const &)" (__imp_?draw@RenderTarget@sf@@QEAAXAEBVDrawable@2@AEBVRenderStates@2@@Z) referenced in function "void __cdecl drawPlayers(class sf::RenderWindow &,struct GameState const &,int)" (?drawPlayers@@YAXAEAVRenderWindow@sf@@AEBUGameState@@H@Z)
Client.obj : error LNK2019: unresolved external symbol "__declspec(dllimport) public: __cdecl sf::RenderWindow::RenderWindow(class sf::VideoMode,class sf::String const &,unsigned int,struct sf::ContextSettings const &)" (__imp_??0RenderWindow@sf@@QEAA@VVideoMode@1@AEBVString@1@IAEBUContextSettings@1@@Z) referenced in function main
Client.obj : error LNK2019: unresolved external symbol "__declspec(dllimport) public: virtual __cdecl sf::RenderWindow::~RenderWindow(void)" (__imp_??1RenderWindow@sf@@UEAA@XZ) referenced in function main
Client.obj : error LNK2019: unresolved external symbol __imp_closesocket referenced in function main
Client.obj : error LNK2019: unresolved external symbol __imp_connect referenced in function main
Client.obj : error LNK2019: unresolved external symbol __imp_htons referenced in function main
Client.obj : error LNK2019: unresolved external symbol __imp_inet_addr referenced in function main
Client.obj : error LNK2019: unresolved external symbol __imp_recv referenced in function "void __cdecl receiveGameState(unsigned __int64,struct GameState &,int,class std::mutex &)" (?receiveGameState@@YAX_KAEAUGameState@@HAEAVmutex@std@@@Z)
Client.obj : error LNK2019: unresolved external symbol __imp_send referenced in function "void __cdecl sendPlayerPosition(unsigned __int64,struct Player *)" (?sendPlayerPosition@@YAX_KPEAUPlayer@@@Z)
Client.obj : error LNK2019: unresolved external symbol __imp_socket referenced in function main
Client.obj : error LNK2019: unresolved external symbol __imp_WSAStartup referenced in function main
Client.obj : error LNK2019: unresolved external symbol __imp_WSACleanup referenced in function main
Client.obj : error LNK2019: unresolved external symbol "__declspec(dllimport) public: static class sf::RenderStates const sf::RenderStates::Default" (__imp_?Default@RenderStates@sf@@2V12@B) referenced in function "void __cdecl drawPlayers(class sf::RenderWindow &,struct GameState const &,int)" (?drawPlayers@@YAXAEAVRenderWindow@sf@@AEBUGameState@@H@Z)
Client.obj : error LNK2019: unresolved external symbol "__declspec(dllimport) public: static class sf::Color const sf::Color::Black" (__imp_?Black@Color@sf@@2V12@B) referenced in function main
Client.obj : error LNK2019: unresolved external symbol "__declspec(dllimport) public: static class sf::Color const sf::Color::White" (__imp_?White@Color@sf@@2V12@B) referenced in function "void __cdecl drawPlayers(class sf::RenderWindow &,struct GameState const &,int)" (?drawPlayers@@YAXAEAVRenderWindow@sf@@AEBUGameState@@H@Z)
Client.obj : error LNK2019: unresolved external symbol "__declspec(dllimport) public: static class sf::Color const sf::Color::Red" (__imp_?Red@Color@sf@@2V12@B) referenced in function "void __cdecl drawPlayers(class sf::RenderWindow &,struct GameState const &,int)" (?drawPlayers@@YAXAEAVRenderWindow@sf@@AEBUGameState@@H@Z)
Client.obj : error LNK2019: unresolved external symbol "__declspec(dllimport) public: static class sf::Color const sf::Color::Green" (__imp_?Green@Color@sf@@2V12@B) referenced in function "void __cdecl drawPlayers(class sf::RenderWindow &,struct GameState const &,int)" (?drawPlayers@@YAXAEAVRenderWindow@sf@@AEBUGameState@@H@Z)
D:\Desktop\Haotai_Xiong\SETU_Carlow_Campus\Year_4-Fund_Game_Net-C00265675\Project1_Client\x64\Debug\Project1_Client.exe : fatal error LNK1120: 30 unresolved externals
